{"__type":"$$EventMessageAudit","id":"3b52790f-07ac-4074-8308-09f41354308d","ts":"2025-09-11T14:20:33.607-03:00","eventName":"n8n.audit.workflow.created","message":"n8n.audit.workflow.created","payload":{"userId":"466655a2-0123-4e29-a0c7-cdd918a75d11","_email":"matiasfassano@hotmail.com.ar","_firstName":"Matias","_lastName":"Fassano","globalRole":"global:owner","workflowId":"XqphDWBi331IPrua","workflowName":"My workflow"}}
{"__type":"$$EventMessageConfirm","confirm":"3b52790f-07ac-4074-8308-09f41354308d","ts":"2025-09-11T14:20:33.607-03:00","source":{"id":"0","name":"eventBus"}}
{"__type":"$$EventMessageWorkflow","id":"5f97bd05-7413-40e8-8aca-47df42e085b5","ts":"2025-09-11T14:20:33.833-03:00","eventName":"n8n.workflow.started","message":"n8n.workflow.started","payload":{"executionId":"1","workflowId":"XqphDWBi331IPrua","isManual":false,"workflowName":"My workflow"}}
{"__type":"$$EventMessageConfirm","confirm":"5f97bd05-7413-40e8-8aca-47df42e085b5","ts":"2025-09-11T14:20:33.833-03:00","source":{"id":"0","name":"eventBus"}}
{"__type":"$$EventMessageNode","id":"bfc6e611-b535-4133-8960-0ff1fd82db65","ts":"2025-09-11T14:20:33.835-03:00","eventName":"n8n.node.started","message":"n8n.node.started","payload":{"workflowId":"XqphDWBi331IPrua","workflowName":"My workflow","executionId":"1","nodeType":"n8n-nodes-base.scheduleTrigger","nodeName":"Schedule Trigger","nodeId":"d29eb8b7-4976-4b28-93a2-1918189efe1a"}}
{"__type":"$$EventMessageConfirm","confirm":"bfc6e611-b535-4133-8960-0ff1fd82db65","ts":"2025-09-11T14:20:33.835-03:00","source":{"id":"0","name":"eventBus"}}
{"__type":"$$EventMessageNode","id":"36bf5d50-e9cf-4370-be95-474eb0f36c55","ts":"2025-09-11T14:20:33.857-03:00","eventName":"n8n.node.finished","message":"n8n.node.finished","payload":{"workflowId":"XqphDWBi331IPrua","workflowName":"My workflow","executionId":"1","nodeType":"n8n-nodes-base.scheduleTrigger","nodeName":"Schedule Trigger","nodeId":"d29eb8b7-4976-4b28-93a2-1918189efe1a"}}
{"__type":"$$EventMessageConfirm","confirm":"36bf5d50-e9cf-4370-be95-474eb0f36c55","ts":"2025-09-11T14:20:33.857-03:00","source":{"id":"0","name":"eventBus"}}
{"__type":"$$EventMessageWorkflow","id":"44c3a1ca-b36c-40d0-a7e0-aa608cbb4738","ts":"2025-09-11T14:20:33.863-03:00","eventName":"n8n.workflow.success","message":"n8n.workflow.success","payload":{"userId":"466655a2-0123-4e29-a0c7-cdd918a75d11","executionId":"1","success":true,"isManual":true,"workflowId":"XqphDWBi331IPrua","workflowName":"My workflow"}}
{"__type":"$$EventMessageConfirm","confirm":"44c3a1ca-b36c-40d0-a7e0-aa608cbb4738","ts":"2025-09-11T14:20:33.863-03:00","source":{"id":"0","name":"eventBus"}}
{"__type":"$$EventMessageWorkflow","id":"370c5690-77a6-4059-960e-d35f89de305b","ts":"2025-09-11T14:21:22.448-03:00","eventName":"n8n.workflow.started","message":"n8n.workflow.started","payload":{"executionId":"2","workflowId":"XqphDWBi331IPrua","isManual":false,"workflowName":"My workflow"}}
{"__type":"$$EventMessageConfirm","confirm":"370c5690-77a6-4059-960e-d35f89de305b","ts":"2025-09-11T14:21:22.448-03:00","source":{"id":"0","name":"eventBus"}}
{"__type":"$$EventMessageNode","id":"4119fb29-6014-4d00-b4b3-df271d430d6c","ts":"2025-09-11T14:21:22.449-03:00","eventName":"n8n.node.started","message":"n8n.node.started","payload":{"workflowId":"XqphDWBi331IPrua","workflowName":"My workflow","executionId":"2","nodeType":"n8n-nodes-base.executeCommand","nodeName":"Execute Command","nodeId":"3da98336-02f4-4bcb-901a-65709d54552d"}}
{"__type":"$$EventMessageConfirm","confirm":"4119fb29-6014-4d00-b4b3-df271d430d6c","ts":"2025-09-11T14:21:22.449-03:00","source":{"id":"0","name":"eventBus"}}
{"__type":"$$EventMessageNode","id":"c67f2bce-a03d-4c4d-8dc8-096f77e975b9","ts":"2025-09-11T14:21:22.512-03:00","eventName":"n8n.node.finished","message":"n8n.node.finished","payload":{"workflowId":"XqphDWBi331IPrua","workflowName":"My workflow","executionId":"2","nodeType":"n8n-nodes-base.executeCommand","nodeName":"Execute Command","nodeId":"3da98336-02f4-4bcb-901a-65709d54552d"}}
{"__type":"$$EventMessageConfirm","confirm":"c67f2bce-a03d-4c4d-8dc8-096f77e975b9","ts":"2025-09-11T14:21:22.512-03:00","source":{"id":"0","name":"eventBus"}}
{"__type":"$$EventMessageWorkflow","id":"807c2cb6-3ad7-46cc-bcf2-db90483633e6","ts":"2025-09-11T14:21:22.515-03:00","eventName":"n8n.workflow.failed","message":"n8n.workflow.failed","payload":{"userId":"466655a2-0123-4e29-a0c7-cdd918a75d11","executionId":"2","success":false,"isManual":true,"workflowId":"XqphDWBi331IPrua","workflowName":"My workflow","lastNodeExecuted":"Execute Command","errorNodeType":"n8n-nodes-base.executeCommand","errorMessage":"Command failed: C:\\Projects\\n8n\\stocks-n8n-project\\python\\.venv\\Scripts\\python.exe C:\\Projects\\n8n\\stocks-n8n-project\\python\\stock_analysis.py\n\n/bin/sh: C:Projectsn8nstocks-n8n-projectpython.venvScriptspython.exe: not found\n"}}
{"__type":"$$EventMessageConfirm","confirm":"807c2cb6-3ad7-46cc-bcf2-db90483633e6","ts":"2025-09-11T14:21:22.516-03:00","source":{"id":"0","name":"eventBus"}}
{"__type":"$$EventMessageWorkflow","id":"ffd6ce4b-b974-4554-9555-f7e3f6402879","ts":"2025-09-11T14:21:44.688-03:00","eventName":"n8n.workflow.started","message":"n8n.workflow.started","payload":{"executionId":"3","workflowId":"XqphDWBi331IPrua","isManual":false,"workflowName":"My workflow"}}
{"__type":"$$EventMessageConfirm","confirm":"ffd6ce4b-b974-4554-9555-f7e3f6402879","ts":"2025-09-11T14:21:44.688-03:00","source":{"id":"0","name":"eventBus"}}
{"__type":"$$EventMessageNode","id":"fc801aff-5043-461b-9873-e1e660aa4325","ts":"2025-09-11T14:21:44.689-03:00","eventName":"n8n.node.started","message":"n8n.node.started","payload":{"workflowId":"XqphDWBi331IPrua","workflowName":"My workflow","executionId":"3","nodeType":"n8n-nodes-base.executeCommand","nodeName":"Execute Command","nodeId":"3da98336-02f4-4bcb-901a-65709d54552d"}}
{"__type":"$$EventMessageConfirm","confirm":"fc801aff-5043-461b-9873-e1e660aa4325","ts":"2025-09-11T14:21:44.689-03:00","source":{"id":"0","name":"eventBus"}}
{"__type":"$$EventMessageNode","id":"0c2ca686-aa98-462f-bbdf-c86662e79eda","ts":"2025-09-11T14:21:44.697-03:00","eventName":"n8n.node.finished","message":"n8n.node.finished","payload":{"workflowId":"XqphDWBi331IPrua","workflowName":"My workflow","executionId":"3","nodeType":"n8n-nodes-base.executeCommand","nodeName":"Execute Command","nodeId":"3da98336-02f4-4bcb-901a-65709d54552d"}}
{"__type":"$$EventMessageConfirm","confirm":"0c2ca686-aa98-462f-bbdf-c86662e79eda","ts":"2025-09-11T14:21:44.697-03:00","source":{"id":"0","name":"eventBus"}}
{"__type":"$$EventMessageWorkflow","id":"3296b2d1-aa0d-4738-b792-1c58ef3bf1f5","ts":"2025-09-11T14:21:44.699-03:00","eventName":"n8n.workflow.failed","message":"n8n.workflow.failed","payload":{"userId":"466655a2-0123-4e29-a0c7-cdd918a75d11","executionId":"3","success":false,"isManual":true,"workflowId":"XqphDWBi331IPrua","workflowName":"My workflow","lastNodeExecuted":"Execute Command","errorNodeType":"n8n-nodes-base.executeCommand","errorMessage":"Command failed: Command:\nC:\\Projects\\n8n\\stocks-n8n-project\\python\\.venv\\Scripts\\python.exe C:\\Projects\\n8n\\stocks-n8n-project\\python\\stock_analysis.py\n\n/bin/sh: Command:: not found\n/bin/sh: C:Projectsn8nstocks-n8n-projectpython.venvScriptspython.exe: not found\n"}}
{"__type":"$$EventMessageConfirm","confirm":"3296b2d1-aa0d-4738-b792-1c58ef3bf1f5","ts":"2025-09-11T14:21:44.699-03:00","source":{"id":"0","name":"eventBus"}}
