{"__type":"$$EventMessageWorkflow","id":"97c35d33-694f-42a9-a4a8-28dcd734329e","ts":"2025-09-11T14:50:13.422-03:00","eventName":"n8n.workflow.started","message":"n8n.workflow.started","payload":{"executionId":"4","workflowId":"XqphDWBi331IPrua","isManual":false,"workflowName":"My workflow"}}
{"__type":"$$EventMessageConfirm","confirm":"97c35d33-694f-42a9-a4a8-28dcd734329e","ts":"2025-09-11T14:50:13.422-03:00","source":{"id":"0","name":"eventBus"}}
{"__type":"$$EventMessageNode","id":"8ce923ad-47a4-4016-bcfb-3ff768ce735e","ts":"2025-09-11T14:50:13.425-03:00","eventName":"n8n.node.started","message":"n8n.node.started","payload":{"workflowId":"XqphDWBi331IPrua","workflowName":"My workflow","executionId":"4","nodeType":"n8n-nodes-base.scheduleTrigger","nodeName":"Schedule Trigger","nodeId":"d29eb8b7-4976-4b28-93a2-1918189efe1a"}}
{"__type":"$$EventMessageConfirm","confirm":"8ce923ad-47a4-4016-bcfb-3ff768ce735e","ts":"2025-09-11T14:50:13.426-03:00","source":{"id":"0","name":"eventBus"}}
{"__type":"$$EventMessageNode","id":"0aa15187-4776-4f55-8cbc-4c4f18913160","ts":"2025-09-11T14:50:13.449-03:00","eventName":"n8n.node.finished","message":"n8n.node.finished","payload":{"workflowId":"XqphDWBi331IPrua","workflowName":"My workflow","executionId":"4","nodeType":"n8n-nodes-base.scheduleTrigger","nodeName":"Schedule Trigger","nodeId":"d29eb8b7-4976-4b28-93a2-1918189efe1a"}}
{"__type":"$$EventMessageConfirm","confirm":"0aa15187-4776-4f55-8cbc-4c4f18913160","ts":"2025-09-11T14:50:13.449-03:00","source":{"id":"0","name":"eventBus"}}
{"__type":"$$EventMessageNode","id":"ece4f858-e23b-4bed-b72b-56dab0517383","ts":"2025-09-11T14:50:13.450-03:00","eventName":"n8n.node.started","message":"n8n.node.started","payload":{"workflowId":"XqphDWBi331IPrua","workflowName":"My workflow","executionId":"4","nodeType":"n8n-nodes-base.executeCommand","nodeName":"Execute Command","nodeId":"83b20de4-dfbf-4418-938c-928e96af64cc"}}
{"__type":"$$EventMessageConfirm","confirm":"ece4f858-e23b-4bed-b72b-56dab0517383","ts":"2025-09-11T14:50:13.450-03:00","source":{"id":"0","name":"eventBus"}}
{"__type":"$$EventMessageNode","id":"f5e65dca-6b4b-4b5b-a422-b0712a5f9433","ts":"2025-09-11T14:50:13.490-03:00","eventName":"n8n.node.finished","message":"n8n.node.finished","payload":{"workflowId":"XqphDWBi331IPrua","workflowName":"My workflow","executionId":"4","nodeType":"n8n-nodes-base.executeCommand","nodeName":"Execute Command","nodeId":"83b20de4-dfbf-4418-938c-928e96af64cc"}}
{"__type":"$$EventMessageConfirm","confirm":"f5e65dca-6b4b-4b5b-a422-b0712a5f9433","ts":"2025-09-11T14:50:13.491-03:00","source":{"id":"0","name":"eventBus"}}
{"__type":"$$EventMessageWorkflow","id":"d2e10c44-e857-4d83-ba30-ca7b42f441b8","ts":"2025-09-11T14:50:13.497-03:00","eventName":"n8n.workflow.success","message":"n8n.workflow.success","payload":{"userId":"466655a2-0123-4e29-a0c7-cdd918a75d11","executionId":"4","success":true,"isManual":true,"workflowId":"XqphDWBi331IPrua","workflowName":"My workflow"}}
{"__type":"$$EventMessageConfirm","confirm":"d2e10c44-e857-4d83-ba30-ca7b42f441b8","ts":"2025-09-11T14:50:13.497-03:00","source":{"id":"0","name":"eventBus"}}
{"__type":"$$EventMessageWorkflow","id":"f2d96455-4660-4928-8e6a-b0e74d68dde8","ts":"2025-09-11T14:50:40.735-03:00","eventName":"n8n.workflow.started","message":"n8n.workflow.started","payload":{"executionId":"5","workflowId":"XqphDWBi331IPrua","isManual":false,"workflowName":"My workflow"}}
{"__type":"$$EventMessageConfirm","confirm":"f2d96455-4660-4928-8e6a-b0e74d68dde8","ts":"2025-09-11T14:50:40.736-03:00","source":{"id":"0","name":"eventBus"}}
{"__type":"$$EventMessageNode","id":"a1a68e74-7331-43b6-88c7-df4df3ba46b0","ts":"2025-09-11T14:50:40.737-03:00","eventName":"n8n.node.started","message":"n8n.node.started","payload":{"workflowId":"XqphDWBi331IPrua","workflowName":"My workflow","executionId":"5","nodeType":"n8n-nodes-base.scheduleTrigger","nodeName":"Schedule Trigger","nodeId":"d29eb8b7-4976-4b28-93a2-1918189efe1a"}}
{"__type":"$$EventMessageConfirm","confirm":"a1a68e74-7331-43b6-88c7-df4df3ba46b0","ts":"2025-09-11T14:50:40.737-03:00","source":{"id":"0","name":"eventBus"}}
{"__type":"$$EventMessageNode","id":"91a94fae-2ba0-4c92-b245-9361a31c066f","ts":"2025-09-11T14:50:40.740-03:00","eventName":"n8n.node.finished","message":"n8n.node.finished","payload":{"workflowId":"XqphDWBi331IPrua","workflowName":"My workflow","executionId":"5","nodeType":"n8n-nodes-base.scheduleTrigger","nodeName":"Schedule Trigger","nodeId":"d29eb8b7-4976-4b28-93a2-1918189efe1a"}}
{"__type":"$$EventMessageConfirm","confirm":"91a94fae-2ba0-4c92-b245-9361a31c066f","ts":"2025-09-11T14:50:40.740-03:00","source":{"id":"0","name":"eventBus"}}
{"__type":"$$EventMessageWorkflow","id":"79574cd1-f124-4f5a-96e5-f1a9fba1dc55","ts":"2025-09-11T14:50:40.743-03:00","eventName":"n8n.workflow.success","message":"n8n.workflow.success","payload":{"userId":"466655a2-0123-4e29-a0c7-cdd918a75d11","executionId":"5","success":true,"isManual":true,"workflowId":"XqphDWBi331IPrua","workflowName":"My workflow"}}
{"__type":"$$EventMessageConfirm","confirm":"79574cd1-f124-4f5a-96e5-f1a9fba1dc55","ts":"2025-09-11T14:50:40.743-03:00","source":{"id":"0","name":"eventBus"}}
{"__type":"$$EventMessageWorkflow","id":"c774b060-51e3-4d65-919f-17009158fb2f","ts":"2025-09-11T14:54:12.617-03:00","eventName":"n8n.workflow.started","message":"n8n.workflow.started","payload":{"executionId":"6","workflowId":"XqphDWBi331IPrua","isManual":false,"workflowName":"My workflow"}}
{"__type":"$$EventMessageConfirm","confirm":"c774b060-51e3-4d65-919f-17009158fb2f","ts":"2025-09-11T14:54:12.617-03:00","source":{"id":"0","name":"eventBus"}}
{"__type":"$$EventMessageNode","id":"cd1defdb-f893-45fe-b584-cbe95cd13218","ts":"2025-09-11T14:54:12.618-03:00","eventName":"n8n.node.started","message":"n8n.node.started","payload":{"workflowId":"XqphDWBi331IPrua","workflowName":"My workflow","executionId":"6","nodeType":"n8n-nodes-base.executeCommand","nodeName":"Execute Command","nodeId":"83b20de4-dfbf-4418-938c-928e96af64cc"}}
{"__type":"$$EventMessageConfirm","confirm":"cd1defdb-f893-45fe-b584-cbe95cd13218","ts":"2025-09-11T14:54:12.618-03:00","source":{"id":"0","name":"eventBus"}}
{"__type":"$$EventMessageNode","id":"f921455c-70d0-4898-bfb8-d8cf78ea7bfb","ts":"2025-09-11T14:54:12.651-03:00","eventName":"n8n.node.finished","message":"n8n.node.finished","payload":{"workflowId":"XqphDWBi331IPrua","workflowName":"My workflow","executionId":"6","nodeType":"n8n-nodes-base.executeCommand","nodeName":"Execute Command","nodeId":"83b20de4-dfbf-4418-938c-928e96af64cc"}}
{"__type":"$$EventMessageConfirm","confirm":"f921455c-70d0-4898-bfb8-d8cf78ea7bfb","ts":"2025-09-11T14:54:12.651-03:00","source":{"id":"0","name":"eventBus"}}
{"__type":"$$EventMessageWorkflow","id":"40c1e48c-8a93-49b7-ad34-74e3e4b5f16f","ts":"2025-09-11T14:54:12.654-03:00","eventName":"n8n.workflow.success","message":"n8n.workflow.success","payload":{"userId":"466655a2-0123-4e29-a0c7-cdd918a75d11","executionId":"6","success":true,"isManual":true,"workflowId":"XqphDWBi331IPrua","workflowName":"My workflow"}}
{"__type":"$$EventMessageConfirm","confirm":"40c1e48c-8a93-49b7-ad34-74e3e4b5f16f","ts":"2025-09-11T14:54:12.654-03:00","source":{"id":"0","name":"eventBus"}}
{"__type":"$$EventMessageWorkflow","id":"c3621589-3e68-4715-838f-6c57de50a361","ts":"2025-09-11T14:54:26.772-03:00","eventName":"n8n.workflow.started","message":"n8n.workflow.started","payload":{"executionId":"7","workflowId":"XqphDWBi331IPrua","isManual":false,"workflowName":"My workflow"}}
{"__type":"$$EventMessageConfirm","confirm":"c3621589-3e68-4715-838f-6c57de50a361","ts":"2025-09-11T14:54:26.772-03:00","source":{"id":"0","name":"eventBus"}}
{"__type":"$$EventMessageNode","id":"2a7b9341-bcdc-411a-aae6-d8209323a9d4","ts":"2025-09-11T14:54:26.772-03:00","eventName":"n8n.node.started","message":"n8n.node.started","payload":{"workflowId":"XqphDWBi331IPrua","workflowName":"My workflow","executionId":"7","nodeType":"n8n-nodes-base.scheduleTrigger","nodeName":"Schedule Trigger","nodeId":"d29eb8b7-4976-4b28-93a2-1918189efe1a"}}
{"__type":"$$EventMessageConfirm","confirm":"2a7b9341-bcdc-411a-aae6-d8209323a9d4","ts":"2025-09-11T14:54:26.772-03:00","source":{"id":"0","name":"eventBus"}}
{"__type":"$$EventMessageNode","id":"2d1df56e-723b-4fa0-8b61-86c2e64538d7","ts":"2025-09-11T14:54:26.774-03:00","eventName":"n8n.node.finished","message":"n8n.node.finished","payload":{"workflowId":"XqphDWBi331IPrua","workflowName":"My workflow","executionId":"7","nodeType":"n8n-nodes-base.scheduleTrigger","nodeName":"Schedule Trigger","nodeId":"d29eb8b7-4976-4b28-93a2-1918189efe1a"}}
{"__type":"$$EventMessageConfirm","confirm":"2d1df56e-723b-4fa0-8b61-86c2e64538d7","ts":"2025-09-11T14:54:26.774-03:00","source":{"id":"0","name":"eventBus"}}
{"__type":"$$EventMessageNode","id":"7025faf3-a776-49a1-ac74-9800f62a5360","ts":"2025-09-11T14:54:26.777-03:00","eventName":"n8n.node.started","message":"n8n.node.started","payload":{"workflowId":"XqphDWBi331IPrua","workflowName":"My workflow","executionId":"7","nodeType":"n8n-nodes-base.executeCommand","nodeName":"Execute Command","nodeId":"83b20de4-dfbf-4418-938c-928e96af64cc"}}
{"__type":"$$EventMessageConfirm","confirm":"7025faf3-a776-49a1-ac74-9800f62a5360","ts":"2025-09-11T14:54:26.777-03:00","source":{"id":"0","name":"eventBus"}}
{"__type":"$$EventMessageNode","id":"afc736f5-a973-4a90-ac15-80ded76df981","ts":"2025-09-11T14:54:26.809-03:00","eventName":"n8n.node.finished","message":"n8n.node.finished","payload":{"workflowId":"XqphDWBi331IPrua","workflowName":"My workflow","executionId":"7","nodeType":"n8n-nodes-base.executeCommand","nodeName":"Execute Command","nodeId":"83b20de4-dfbf-4418-938c-928e96af64cc"}}
{"__type":"$$EventMessageConfirm","confirm":"afc736f5-a973-4a90-ac15-80ded76df981","ts":"2025-09-11T14:54:26.810-03:00","source":{"id":"0","name":"eventBus"}}
{"__type":"$$EventMessageWorkflow","id":"8732e4f1-0ffc-4ce2-a369-a68fb78f65d8","ts":"2025-09-11T14:54:26.811-03:00","eventName":"n8n.workflow.success","message":"n8n.workflow.success","payload":{"userId":"466655a2-0123-4e29-a0c7-cdd918a75d11","executionId":"7","success":true,"isManual":true,"workflowId":"XqphDWBi331IPrua","workflowName":"My workflow"}}
{"__type":"$$EventMessageConfirm","confirm":"8732e4f1-0ffc-4ce2-a369-a68fb78f65d8","ts":"2025-09-11T14:54:26.811-03:00","source":{"id":"0","name":"eventBus"}}
{"__type":"$$EventMessageAudit","id":"aa1b56a3-eadb-448f-9d25-f5ded16095f6","ts":"2025-09-11T14:57:14.853-03:00","eventName":"n8n.audit.workflow.updated","message":"n8n.audit.workflow.updated","payload":{"userId":"466655a2-0123-4e29-a0c7-cdd918a75d11","_email":"matiasfassano@hotmail.com.ar","_firstName":"Matias","_lastName":"Fassano","globalRole":"global:owner","workflowId":"XqphDWBi331IPrua","workflowName":"My workflow"}}
{"__type":"$$EventMessageConfirm","confirm":"aa1b56a3-eadb-448f-9d25-f5ded16095f6","ts":"2025-09-11T14:57:14.853-03:00","source":{"id":"0","name":"eventBus"}}
{"__type":"$$EventMessageWorkflow","id":"e07320cc-7354-4dad-8fd8-f484d3a36d5c","ts":"2025-09-11T14:57:24.276-03:00","eventName":"n8n.workflow.started","message":"n8n.workflow.started","payload":{"executionId":"8","workflowId":"XqphDWBi331IPrua","isManual":false,"workflowName":"My workflow"}}
{"__type":"$$EventMessageConfirm","confirm":"e07320cc-7354-4dad-8fd8-f484d3a36d5c","ts":"2025-09-11T14:57:24.276-03:00","source":{"id":"0","name":"eventBus"}}
{"__type":"$$EventMessageNode","id":"c2a821c0-6249-493b-9cca-7b780645dfc9","ts":"2025-09-11T14:57:24.277-03:00","eventName":"n8n.node.started","message":"n8n.node.started","payload":{"workflowId":"XqphDWBi331IPrua","workflowName":"My workflow","executionId":"8","nodeType":"n8n-nodes-base.scheduleTrigger","nodeName":"Schedule Trigger","nodeId":"d29eb8b7-4976-4b28-93a2-1918189efe1a"}}
{"__type":"$$EventMessageConfirm","confirm":"c2a821c0-6249-493b-9cca-7b780645dfc9","ts":"2025-09-11T14:57:24.277-03:00","source":{"id":"0","name":"eventBus"}}
{"__type":"$$EventMessageNode","id":"502cc52c-d1ca-456c-956e-d224553f6d19","ts":"2025-09-11T14:57:24.278-03:00","eventName":"n8n.node.finished","message":"n8n.node.finished","payload":{"workflowId":"XqphDWBi331IPrua","workflowName":"My workflow","executionId":"8","nodeType":"n8n-nodes-base.scheduleTrigger","nodeName":"Schedule Trigger","nodeId":"d29eb8b7-4976-4b28-93a2-1918189efe1a"}}
{"__type":"$$EventMessageConfirm","confirm":"502cc52c-d1ca-456c-956e-d224553f6d19","ts":"2025-09-11T14:57:24.278-03:00","source":{"id":"0","name":"eventBus"}}
{"__type":"$$EventMessageWorkflow","id":"bd435afd-e32b-4846-9376-84b128e4d814","ts":"2025-09-11T14:57:24.279-03:00","eventName":"n8n.workflow.success","message":"n8n.workflow.success","payload":{"userId":"466655a2-0123-4e29-a0c7-cdd918a75d11","executionId":"8","success":true,"isManual":true,"workflowId":"XqphDWBi331IPrua","workflowName":"My workflow"}}
{"__type":"$$EventMessageConfirm","confirm":"bd435afd-e32b-4846-9376-84b128e4d814","ts":"2025-09-11T14:57:24.280-03:00","source":{"id":"0","name":"eventBus"}}
{"__type":"$$EventMessageAudit","id":"232b304a-fd63-4487-a6c9-9cd3777c1629","ts":"2025-09-11T15:00:52.363-03:00","eventName":"n8n.audit.workflow.updated","message":"n8n.audit.workflow.updated","payload":{"userId":"466655a2-0123-4e29-a0c7-cdd918a75d11","_email":"matiasfassano@hotmail.com.ar","_firstName":"Matias","_lastName":"Fassano","globalRole":"global:owner","workflowId":"XqphDWBi331IPrua","workflowName":"My workflow"}}
{"__type":"$$EventMessageConfirm","confirm":"232b304a-fd63-4487-a6c9-9cd3777c1629","ts":"2025-09-11T15:00:52.364-03:00","source":{"id":"0","name":"eventBus"}}
